00:47:45: Creating resource group General
00:47:45: Creating resource group Internal
00:47:45: Creating resource group Autodetect
00:47:45: SceneManagerFactory for type 'DefaultSceneManager' registered.
00:47:45: Registering ResourceManager for type Material
00:47:45: Registering ResourceManager for type Mesh
00:47:45: Registering ResourceManager for type Skeleton
00:47:45: MovableObjectFactory for type 'ParticleSystem' registered.
00:47:45: OverlayElementFactory for type Panel registered.
00:47:45: OverlayElementFactory for type BorderPanel registered.
00:47:45: OverlayElementFactory for type TextArea registered.
00:47:45: Registering ResourceManager for type Font
00:47:45: ArchiveFactory for archive type FileSystem registered.
00:47:45: ArchiveFactory for archive type Zip registered.
00:47:45: ArchiveFactory for archive type EmbeddedZip registered.
00:47:45: DDS codec registering
00:47:45: FreeImage version: 3.16.0
00:47:45: This program uses FreeImage, a free, open source image library supporting all common bitmap formats. See http://freeimage.sourceforge.net for details
00:47:45: Supported formats: bmp,ico,jpg,jif,jpeg,jpe,jng,koa,iff,lbm,mng,pbm,pbm,pcd,pcx,pgm,pgm,png,ppm,ppm,ras,tga,targa,tif,tiff,wap,wbmp,wbm,psd,cut,xbm,xpm,gif,hdr,g3,sgi,rgb,rgba,bw,exr,j2k,j2c,jp2,pfm,pct,pict,pic,3fr,arw,bay,bmq,cap,cine,cr2,crw,cs1,dc2,dcr,drf,dsc,dng,erf,fff,ia,iiq,k25,kc2,kdc,mdc,mef,mos,mrw,nef,nrw,orf,pef,ptx,pxn,qtk,raf,raw,rdc,rw2,rwl,rwz,sr2,srf,srw,sti,webp,jxr,wdp,hdp
00:47:45: Registering ResourceManager for type HighLevelGpuProgram
00:47:45: Registering ResourceManager for type Compositor
00:47:45: MovableObjectFactory for type 'Entity' registered.
00:47:45: MovableObjectFactory for type 'Light' registered.
00:47:45: MovableObjectFactory for type 'BillboardSet' registered.
00:47:45: MovableObjectFactory for type 'ManualObject' registered.
00:47:45: MovableObjectFactory for type 'BillboardChain' registered.
00:47:45: MovableObjectFactory for type 'RibbonTrail' registered.
00:47:45: Loading library RenderSystem_GL
00:47:46: Installing plugin: GL RenderSystem
00:47:46: OpenGL Rendering Subsystem created.
00:47:46: Plugin successfully installed
00:47:46: *-*-* OGRE Initialising
00:47:46: *-*-* Version 1.8.1 (Byatis)
00:47:46: Creating resource group Bootstrap
00:47:46: Added resource location 'media/packs/SdkTrays.zip' of type 'Zip' to resource group 'Bootstrap'
00:47:46: Added resource location 'media/models' of type 'FileSystem' to resource group 'General'
00:47:46: Added resource location 'media/materials/scripts' of type 'FileSystem' to resource group 'General'
00:47:46: Added resource location 'media/materials/textures' of type 'FileSystem' to resource group 'General'
00:47:46: Added resource location 'media/packs/cubemap.zip' of type 'Zip' to resource group 'General'
00:47:46: Added resource location 'media/packs/cubemapsJS.zip' of type 'Zip' to resource group 'General'
00:47:46: Added resource location 'media/packs/skybox.zip' of type 'Zip' to resource group 'General'
00:47:46: CPU Identifier & Features
00:47:46: -------------------------
00:47:46:  *   CPU ID: GenuineIntel: Intel(R) Xeon(R) CPU           W3505  @ 2.53GHz
00:47:46:  *      SSE: yes
00:47:46:  *     SSE2: yes
00:47:46:  *     SSE3: yes
00:47:46:  *      MMX: yes
00:47:46:  *   MMXEXT: yes
00:47:46:  *    3DNOW: no
00:47:46:  * 3DNOWEXT: no
00:47:46:  *     CMOV: yes
00:47:46:  *      TSC: yes
00:47:46:  *      FPU: yes
00:47:46:  *      PRO: yes
00:47:46:  *       HT: no
00:47:46: -------------------------
00:47:46: ******************************
*** Starting GLX Subsystem ***
******************************
00:47:46: Registering ResourceManager for type Texture
00:47:46: GLRenderSystem::_createRenderWindow "%{APPNAME} Render Window", 1280x1024 windowed  miscParams: FSAA=0 displayFrequency=50 Hz gamma=No vsync=Yes 
00:47:46: GLXWindow::create used FBConfigID = 261
00:47:46: GL_VERSION = 3.3.0 NVIDIA 319.17
00:47:46: GL_VENDOR = NVIDIA Corporation
00:47:46: GL_RENDERER = Quadro FX 580/PCIe/SSE2
00:47:46: GL_EXTENSIONS = GL_ARB_arrays_of_arrays GL_ARB_base_instance GL_ARB_blend_func_extended GL_ARB_clear_buffer_object GL_ARB_color_buffer_float GL_ARB_compatibility GL_ARB_compressed_texture_pixel_storage GL_ARB_conservative_depth GL_ARB_copy_buffer GL_ARB_copy_image GL_ARB_debug_output GL_ARB_depth_buffer_float GL_ARB_depth_clamp GL_ARB_depth_texture GL_ARB_draw_buffers GL_ARB_draw_elements_base_vertex GL_ARB_draw_instanced GL_ARB_ES2_compatibility GL_ARB_ES3_compatibility GL_ARB_explicit_attrib_location GL_ARB_explicit_uniform_location GL_ARB_fragment_coord_conventions GL_ARB_fragment_layer_viewport GL_ARB_fragment_program GL_ARB_fragment_program_shadow GL_ARB_fragment_shader GL_ARB_framebuffer_no_attachments GL_ARB_framebuffer_object GL_ARB_framebuffer_sRGB GL_ARB_geometry_shader4 GL_ARB_get_program_binary GL_ARB_half_float_pixel GL_ARB_half_float_vertex GL_ARB_imaging GL_ARB_instanced_arrays GL_ARB_internalformat_query GL_ARB_internalformat_query2 GL_ARB_invalidate_subdata GL_ARB_map_buffer_alignment GL_ARB_map_buffer_range GL_ARB_multisample GL_ARB_multitexture GL_ARB_occlusion_query GL_ARB_occlusion_query2 GL_ARB_pixel_buffer_object GL_ARB_point_parameters GL_ARB_point_sprite GL_ARB_program_interface_query GL_ARB_provoking_vertex GL_ARB_robust_buffer_access_behavior GL_ARB_robustness GL_ARB_sampler_objects GL_ARB_seamless_cube_map GL_ARB_separate_shader_objects GL_ARB_shader_bit_encoding GL_ARB_shader_objects GL_ARB_shader_texture_lod GL_ARB_shading_language_100 GL_ARB_shading_language_420pack GL_ARB_shading_language_include GL_ARB_shading_language_packing GL_ARB_shadow GL_ARB_stencil_texturing GL_ARB_sync GL_ARB_texture_border_clamp GL_ARB_texture_buffer_object GL_ARB_texture_buffer_range GL_ARB_texture_compression GL_ARB_texture_compression_rgtc GL_ARB_texture_cube_map GL_ARB_texture_env_add GL_ARB_texture_env_combine GL_ARB_texture_env_crossbar GL_ARB_texture_env_dot3 GL_ARB_texture_float GL_ARB_texture_mirrored_repeat GL_ARB_texture_multisample GL_ARB_texture_non_power_of_two GL_ARB_texture_query_levels GL_ARB_texture_rectangle GL_ARB_texture_rg GL_ARB_texture_rgb10_a2ui GL_ARB_texture_storage GL_ARB_texture_storage_multisample GL_ARB_texture_swizzle GL_ARB_texture_view GL_ARB_timer_query GL_ARB_transpose_matrix GL_ARB_uniform_buffer_object GL_ARB_vertex_array_bgra GL_ARB_vertex_array_object GL_ARB_vertex_attrib_binding GL_ARB_vertex_buffer_object GL_ARB_vertex_program GL_ARB_vertex_shader GL_ARB_vertex_type_2_10_10_10_rev GL_ARB_viewport_array GL_ARB_window_pos GL_ATI_draw_buffers GL_ATI_texture_float GL_ATI_texture_mirror_once GL_S3_s3tc GL_EXT_texture_env_add GL_EXT_abgr GL_EXT_bgra GL_EXT_bindable_uniform GL_EXT_blend_color GL_EXT_blend_equation_separate GL_EXT_blend_func_separate GL_EXT_blend_minmax GL_EXT_blend_subtract GL_EXT_compiled_vertex_array GL_EXT_Cg_shader GL_EXT_depth_bounds_test GL_EXT_direct_state_access GL_EXT_draw_buffers2 GL_EXT_draw_instanced GL_EXT_draw_range_elements GL_EXT_fog_coord GL_EXT_framebuffer_blit GL_EXT_framebuffer_multisample GL_EXTX_framebuffer_mixed_formats GL_EXT_framebuffer_multisample_blit_scaled GL_EXT_framebuffer_object GL_EXT_framebuffer_sRGB GL_EXT_geometry_shader4 GL_EXT_gpu_program_parameters GL_EXT_gpu_shader4 GL_EXT_multi_draw_arrays GL_EXT_packed_depth_stencil GL_EXT_packed_float GL_EXT_packed_pixels GL_EXT_pixel_buffer_object GL_EXT_point_parameters GL_EXT_provoking_vertex GL_EXT_rescale_normal GL_EXT_secondary_color GL_EXT_separate_shader_objects GL_EXT_separate_specular_color GL_EXT_shadow_funcs GL_EXT_stencil_two_side GL_EXT_stencil_wrap GL_EXT_texture3D GL_EXT_texture_array GL_EXT_texture_buffer_object GL_EXT_texture_compression_dxt1 GL_EXT_texture_compression_latc GL_EXT_texture_compression_rgtc GL_EXT_texture_compression_s3tc GL_EXT_texture_cube_map GL_EXT_texture_edge_clamp GL_EXT_texture_env_combine GL_EXT_texture_env_dot3 GL_EXT_texture_filter_anisotropic GL_EXT_texture_integer GL_EXT_texture_lod GL_EXT_texture_lod_bias GL_EXT_texture_mirror_clamp GL_EXT_texture_object GL_EXT_texture_shared_exponent GL_EXT_texture_sRGB GL_EXT_texture_sRGB_decode GL_EXT_texture_storage GL_EXT_texture_swizzle GL_EXT_timer_query GL_EXT_vertex_array GL_EXT_vertex_array_bgra GL_EXT_x11_sync_object GL_EXT_import_sync_object GL_IBM_rasterpos_clip GL_IBM_texture_mirrored_repeat GL_KHR_debug GL_KTX_buffer_region GL_NV_blend_square GL_NV_conditional_render GL_NV_copy_depth_to_color GL_NV_copy_image GL_NV_depth_buffer_float GL_NV_depth_clamp GL_NV_ES1_1_compatibility GL_NV_explicit_multisample GL_NV_fence GL_NV_float_buffer GL_NV_fog_distance GL_NV_fragment_program GL_NV_fragment_program_option GL_NV_fragment_program2 GL_NV_framebuffer_multisample_coverage GL_NV_geometry_shader4 GL_NV_gpu_program4 GL_NV_half_float GL_NV_light_max_exponent GL_NV_multisample_coverage GL_NV_multisample_filter_hint GL_NV_occlusion_query GL_NV_packed_depth_stencil GL_NV_parameter_buffer_object GL_NV_parameter_buffer_object2 GL_NV_path_rendering GL_NV_pixel_data_range GL_NV_point_sprite GL_NV_primitive_restart GL_NV_register_combiners GL_NV_register_combiners2 GL_NV_shader_buffer_load GL_NV_texgen_reflection GL_NV_texture_barrier GL_NV_texture_compression_vtc GL_NV_texture_env_combine4 GL_NV_texture_expand_normal GL_NV_texture_multisample GL_NV_texture_rectangle GL_NV_texture_shader GL_NV_texture_shader2 GL_NV_texture_shader3 GL_NV_transform_feedback GL_NV_vdpau_interop GL_NV_vertex_array_range GL_NV_vertex_array_range2 GL_NV_vertex_buffer_unified_memory GL_NV_vertex_program GL_NV_vertex_program1_1 GL_NV_vertex_program2 GL_NV_vertex_program2_option GL_NV_vertex_program3 GL_NVX_conditional_render GL_NVX_gpu_memory_info GL_SGIS_generate_mipmap GL_SGIS_texture_lod GL_SGIX_depth_texture GL_SGIX_shadow GL_SUN_slice_accum 
00:47:46: Supported GLX extensions: GLX_EXT_visual_info GLX_EXT_visual_rating GLX_SGIX_fbconfig GLX_SGIX_pbuffer GLX_SGI_video_sync GLX_SGI_swap_control GLX_EXT_swap_control GLX_EXT_swap_control_tear GLX_EXT_texture_from_pixmap GLX_EXT_buffer_age GLX_ARB_create_context GLX_ARB_create_context_profile GLX_EXT_create_context_es_profile GLX_EXT_create_context_es2_profile GLX_ARB_create_context_robustness GLX_ARB_multisample GLX_NV_float_buffer GLX_ARB_fbconfig_float GLX_NV_swap_group GLX_EXT_framebuffer_sRGB GLX_NV_multisample_coverage GLX_NV_copy_image GLX_NV_video_capture GLX_ARB_get_proc_address 
00:47:46: ***************************
00:47:46: *** GL Renderer Started ***
00:47:46: ***************************
00:47:46: Registering ResourceManager for type GpuProgram
00:47:46: GLSL support detected
00:47:46: GL: Using GL_EXT_framebuffer_object for rendering to textures (best)
00:47:46: FBO PF_UNKNOWN depth/stencil support: D0S8 D16S0 D24S0 D32S0 Packed-D24S8 
00:47:46: FBO PF_L8 depth/stencil support: D0S0 D0S8 D16S0 D24S0 D32S0 Packed-D24S8 
00:47:46: FBO PF_A8 depth/stencil support: D0S0 D0S8 D16S0 D24S0 D32S0 Packed-D24S8 
00:47:46: FBO PF_A4L4 depth/stencil support: D0S0 D0S8 D16S0 D24S0 D32S0 Packed-D24S8 
00:47:46: FBO PF_BYTE_LA depth/stencil support: D0S0 D0S8 D16S0 D24S0 D32S0 Packed-D24S8 
00:47:46: FBO PF_R5G6B5 depth/stencil support: D0S0 D0S8 D16S0 D24S0 D32S0 Packed-D24S8 
00:47:46: FBO PF_B5G6R5 depth/stencil support: D0S0 D0S8 D16S0 D24S0 D32S0 Packed-D24S8 
00:47:46: FBO PF_A4R4G4B4 depth/stencil support: D0S0 D0S8 D16S0 D24S0 D32S0 Packed-D24S8 
00:47:46: FBO PF_A1R5G5B5 depth/stencil support: D0S0 D0S8 D16S0 D24S0 D32S0 Packed-D24S8 
00:47:46: FBO PF_R8G8B8 depth/stencil support: D0S0 D0S8 D16S0 D24S0 D32S0 Packed-D24S8 
00:47:46: FBO PF_B8G8R8 depth/stencil support: D0S0 D0S8 D16S0 D24S0 D32S0 Packed-D24S8 
00:47:46: FBO PF_A8R8G8B8 depth/stencil support: D0S0 D0S8 D16S0 D24S0 D32S0 Packed-D24S8 
00:47:46: FBO PF_B8G8R8A8 depth/stencil support: D0S0 D0S8 D16S0 D24S0 D32S0 Packed-D24S8 
00:47:46: FBO PF_A2R10G10B10 depth/stencil support: D0S0 D0S8 D16S0 D24S0 D32S0 Packed-D24S8 
00:47:46: FBO PF_A2B10G10R10 depth/stencil support: D0S0 D0S8 D16S0 D24S0 D32S0 Packed-D24S8 
00:47:46: FBO PF_FLOAT16_RGB depth/stencil support: D0S0 D0S8 D16S0 D24S0 D32S0 Packed-D24S8 
00:47:46: FBO PF_FLOAT16_RGBA depth/stencil support: D0S0 D0S8 D16S0 D24S0 D32S0 Packed-D24S8 
00:47:46: FBO PF_FLOAT32_RGB depth/stencil support: D0S0 D0S8 D16S0 D24S0 D32S0 Packed-D24S8 
00:47:46: FBO PF_FLOAT32_RGBA depth/stencil support: D0S0 D0S8 D16S0 D24S0 D32S0 Packed-D24S8 
00:47:46: FBO PF_X8R8G8B8 depth/stencil support: D0S0 D0S8 D16S0 D24S0 D32S0 Packed-D24S8 
00:47:46: FBO PF_X8B8G8R8 depth/stencil support: D0S0 D0S8 D16S0 D24S0 D32S0 Packed-D24S8 
00:47:46: FBO PF_SHORT_RGBA depth/stencil support: D0S0 D0S8 D16S0 D24S0 D32S0 Packed-D24S8 
00:47:46: FBO PF_R3G3B2 depth/stencil support: D0S0 D0S8 D16S0 D24S0 D32S0 Packed-D24S8 
00:47:46: FBO PF_FLOAT16_R depth/stencil support: D0S0 D0S8 D16S0 D24S0 D32S0 Packed-D24S8 
00:47:46: FBO PF_FLOAT32_R depth/stencil support: D0S0 D0S8 D16S0 D24S0 D32S0 Packed-D24S8 
00:47:46: FBO PF_FLOAT16_GR depth/stencil support: D0S0 D0S8 D16S0 D24S0 D32S0 Packed-D24S8 
00:47:46: FBO PF_FLOAT32_GR depth/stencil support: D0S0 D0S8 D16S0 D24S0 D32S0 Packed-D24S8 
00:47:46: FBO PF_SHORT_RGB depth/stencil support: D0S0 D0S8 D16S0 D24S0 D32S0 Packed-D24S8 
00:47:46: [GL] : Valid FBO targets PF_UNKNOWN PF_L8 PF_A8 PF_A4L4 PF_BYTE_LA PF_R5G6B5 PF_B5G6R5 PF_A4R4G4B4 PF_A1R5G5B5 PF_R8G8B8 PF_B8G8R8 PF_A8R8G8B8 PF_B8G8R8A8 PF_A2R10G10B10 PF_A2B10G10R10 PF_FLOAT16_RGB PF_FLOAT16_RGBA PF_FLOAT32_RGB PF_FLOAT32_RGBA PF_X8R8G8B8 PF_X8B8G8R8 PF_SHORT_RGBA PF_R3G3B2 PF_FLOAT16_R PF_FLOAT32_R PF_FLOAT16_GR PF_FLOAT32_GR PF_SHORT_RGB 
00:47:46: RenderSystem capabilities
00:47:46: -------------------------
00:47:46: RenderSystem Name: OpenGL Rendering Subsystem
00:47:46: GPU Vendor: nvidia
00:47:46: Device Name: Quadro FX 580/PCIe/SSE2
00:47:46: Driver Version: 3.3.0.0
00:47:46:  * Fixed function pipeline: yes
00:47:46:  * Hardware generation of mipmaps: yes
00:47:46:  * Texture blending: yes
00:47:46:  * Anisotropic texture filtering: yes
00:47:46:  * Dot product texture operation: yes
00:47:46:  * Cube mapping: yes
00:47:46:  * Hardware stencil buffer: yes
00:47:46:    - Stencil depth: 8
00:47:46:    - Two sided stencil support: yes
00:47:46:    - Wrap stencil values: yes
00:47:46:  * Hardware vertex / index buffers: yes
00:47:46:  * Vertex programs: yes
00:47:46:  * Number of floating-point constants for vertex programs: 1024
00:47:46:  * Number of integer constants for vertex programs: 0
00:47:46:  * Number of boolean constants for vertex programs: 0
00:47:46:  * Fragment programs: yes
00:47:46:  * Number of floating-point constants for fragment programs: 512
00:47:46:  * Number of integer constants for fragment programs: 0
00:47:46:  * Number of boolean constants for fragment programs: 0
00:47:46:  * Geometry programs: yes
00:47:46:  * Number of floating-point constants for geometry programs: 2048
00:47:46:  * Number of integer constants for geometry programs: 0
00:47:46:  * Number of boolean constants for geometry programs: 0
00:47:46:  * Supported Shader Profiles: arbfp1 arbvp1 fp20 fp30 fp40 glsl gp4fp gp4gp gp4vp gpu_fp gpu_gp gpu_vp nvgp4 vp30 vp40
00:47:46:  * Texture Compression: yes
00:47:46:    - DXT: yes
00:47:46:    - VTC: yes
00:47:46:    - PVRTC: no
00:47:46:  * Scissor Rectangle: yes
00:47:46:  * Hardware Occlusion Query: yes
00:47:46:  * User clip planes: yes
00:47:46:  * VET_UBYTE4 vertex element type: yes
00:47:46:  * Infinite far plane projection: yes
00:47:46:  * Hardware render-to-texture: yes
00:47:46:  * Floating point textures: yes
00:47:46:  * Non-power-of-two textures: yes
00:47:46:  * Volume textures: yes
00:47:46:  * Multiple Render Targets: 8
00:47:46:    - With different bit depths: yes
00:47:46:  * Point Sprites: yes
00:47:46:  * Extended point parameters: yes
00:47:46:  * Max Point Size: 63.375
00:47:46:  * Vertex texture fetch: yes
00:47:46:  * Number of world matrices: 0
00:47:46:  * Number of texture units: 32
00:47:46:  * Stencil buffer depth: 8
00:47:46:  * Number of vertex blend matrices: 0
00:47:46:    - Max vertex textures: 32
00:47:46:    - Vertex textures shared: yes
00:47:46:  * Render to Vertex Buffer : yes
00:47:46:  * GL 1.5 without VBO workaround: no
00:47:46:  * Frame Buffer objects: yes
00:47:46:  * Frame Buffer objects (ARB extension): no
00:47:46:  * Frame Buffer objects (ATI extension): no
00:47:46:  * PBuffer support: yes
00:47:46:  * GL 1.5 without HW-occlusion workaround: no
00:47:46:  * Separate shader objects: no
00:47:46: DefaultWorkQueue('Root') initialising on thread 0x1feadc0.
00:47:46: DefaultWorkQueue('Root')::WorkerFunc - thread 0x227adc0 starting.
00:47:46: Particle Renderer Type 'billboard' registered
00:47:46: Parsing scripts for resource group Autodetect
00:47:46: Finished parsing scripts for resource group Autodetect
00:47:46: Creating resources for group Autodetect
00:47:46: All done
00:47:46: Parsing scripts for resource group Bootstrap
00:47:46: Parsing script SdkTrays.material
00:47:46: DefaultWorkQueue('Root')::WorkerFunc - thread 0x2273bd0 starting.
00:47:46: Parsing script SdkTrays.fontdef
00:47:46: Parsing script SdkTrays.overlay
00:47:46: Bad element attribute line: '# you can offset the image to change the cursor "hotspot"' for element SdkTrays/Cursor in overlay 
00:47:46: Texture: sdk_cursor.png: Loading 1 faces(PF_A8R8G8B8,32x32x1) with 5 generated mipmaps from Image. Internal format is PF_A8R8G8B8,32x32x1.
00:47:46: Texture: sdk_tray.png: Loading 1 faces(PF_A8R8G8B8,64x64x1) with 5 generated mipmaps from Image. Internal format is PF_A8R8G8B8,64x64x1.
00:47:46: Texture: sdk_button_up.png: Loading 1 faces(PF_A8R8G8B8,128x32x1) with 5 generated mipmaps from Image. Internal format is PF_A8R8G8B8,128x32x1.
00:47:46: Texture: sdk_text_box.png: Loading 1 faces(PF_A8R8G8B8,32x32x1) with 5 generated mipmaps from Image. Internal format is PF_A8R8G8B8,32x32x1.
00:47:46: Texture: sdk_mini_tray.png: Loading 1 faces(PF_A8R8G8B8,32x32x1) with 5 generated mipmaps from Image. Internal format is PF_A8R8G8B8,32x32x1.
00:47:46: Texture: sdk_track.png: Loading 1 faces(PF_A8R8G8B8,16x32x1) with 5 generated mipmaps from Image. Internal format is PF_A8R8G8B8,16x32x1.
00:47:46: Texture: sdk_handle.png: Loading 1 faces(PF_A8R8G8B8,16x16x1) with 4 generated mipmaps from Image. Internal format is PF_A8R8G8B8,16x16x1.
00:47:46: Texture: sdk_mini_text_box.png: Loading 1 faces(PF_A8R8G8B8,32x32x1) with 5 generated mipmaps from Image. Internal format is PF_A8R8G8B8,32x32x1.
00:47:46: Texture: sdk_label.png: Loading 1 faces(PF_A8R8G8B8,32x32x1) with 5 generated mipmaps from Image. Internal format is PF_A8R8G8B8,32x32x1.
00:47:46: Texture: sdk_separator.png: Loading 1 faces(PF_A8R8G8B8,64x16x1) with 5 generated mipmaps from Image. Internal format is PF_A8R8G8B8,64x16x1.
00:47:46: Texture: sdk_logo.png: Loading 1 faces(PF_A8R8G8B8,128x64x1) with 5 generated mipmaps from Image. Internal format is PF_A8R8G8B8,128x64x1.
00:47:46: Texture: sdk_shade.png: Loading 1 faces(PF_A8R8G8B8,64x48x1) with 5 generated mipmaps from Image. Internal format is PF_A8R8G8B8,64x48x1.
00:47:46: Texture: sdk_frame.png: Loading 1 faces(PF_A8R8G8B8,32x32x1) with 5 generated mipmaps from Image. Internal format is PF_A8R8G8B8,32x32x1.
00:47:46: Texture: sdk_mini_text_box_over.png: Loading 1 faces(PF_A8R8G8B8,32x32x1) with 5 generated mipmaps from Image. Internal format is PF_A8R8G8B8,32x32x1.
00:47:46: Texture: sdk_pulse.png: Loading 1 faces(PF_R8G8B8,8x1x1) with 3 generated mipmaps from Image. Internal format is PF_X8R8G8B8,8x1x1.
00:47:46: Finished parsing scripts for resource group Bootstrap
00:47:46: Creating resources for group Bootstrap
00:47:46: All done
00:47:46: Parsing scripts for resource group General
00:47:46: Parsing script Ogre.material
00:47:46: Parsing script Red.material
00:47:46: Parsing script BrushedAluminum.material
00:47:46: Parsing script CustomOgre.material
00:47:46: Parsing script RZR-002.material
00:47:46: Finished parsing scripts for resource group General
00:47:46: Creating resources for group General
00:47:46: All done
00:47:46: Parsing scripts for resource group Internal
00:47:46: Finished parsing scripts for resource group Internal
00:47:46: Creating resources for group Internal
00:47:46: All done
00:47:46: Mesh: Loading ogrehead.mesh.
00:47:46: WARNING: ogrehead.mesh is an older format ([MeshSerializer_v1.40]); you should upgrade it as soon as possible using the OgreMeshUpgrade tool.
00:47:46: Texture: GreenSkin.jpg: Loading 1 faces(PF_R8G8B8,256x256x1) with 5 generated mipmaps from Image. Internal format is PF_X8R8G8B8,256x256x1.
00:47:46: OGRE EXCEPTION(6:FileNotFoundException): Cannot locate resource spheremap.png in resource group General or any other group. in ResourceGroupManager::openResource at /usr/csshare/pkgs/ogre_src_v1-8-1/OgreMain/src/OgreResourceGroupManager.cpp (line 756)
00:47:46: Error loading texture spheremap.png. Texture layer will be blank. Loading the texture failed with the following exception: OGRE EXCEPTION(6:FileNotFoundException): Cannot locate resource spheremap.png in resource group General or any other group. in ResourceGroupManager::openResource at /usr/csshare/pkgs/ogre_src_v1-8-1/OgreMain/src/OgreResourceGroupManager.cpp (line 756)
00:47:46: Texture: tusk.jpg: Loading 1 faces(PF_R8G8B8,128x128x1) with 5 generated mipmaps from Image. Internal format is PF_X8R8G8B8,128x128x1.
00:47:46: Texture: Ruby.jpg: Loading 1 faces(PF_R8G8B8,300x300x1) with 5 generated mipmaps from Image. Internal format is PF_X8R8G8B8,300x300x1.
00:47:46: Texture: ReptileSkin.jpg: Loading 1 faces(PF_R8G8B8,2000x2000x1) with 5 generated mipmaps from Image. Internal format is PF_X8R8G8B8,2000x2000x1.
00:47:47: Texture: Gold.jpg: Loading 1 faces(PF_R8G8B8,425x425x1) with 5 generated mipmaps from Image. Internal format is PF_X8R8G8B8,425x425x1.
00:47:47: Texture: BloodyTusk.jpg: Loading 1 faces(PF_R8G8B8,2560x1920x1) with 5 generated mipmaps from Image. Internal format is PF_X8R8G8B8,2560x1920x1.
00:47:47: *** Initializing OIS ***
00:47:47: Font SdkTrays/Caption using texture size 512x256
00:47:47: Info: Freetype returned null for character 160 in font SdkTrays/Caption
00:47:47: Texture: SdkTrays/CaptionTexture: Loading 1 faces(PF_BYTE_LA,512x256x1) with 0 generated mipmaps from Image. Internal format is PF_BYTE_LA,512x256x1.
00:47:47: Font SdkTrays/Value using texture size 512x512
00:47:47: Info: Freetype returned null for character 127 in font SdkTrays/Value
00:47:47: Info: Freetype returned null for character 128 in font SdkTrays/Value
00:47:47: Info: Freetype returned null for character 129 in font SdkTrays/Value
00:47:47: Info: Freetype returned null for character 130 in font SdkTrays/Value
00:47:47: Info: Freetype returned null for character 131 in font SdkTrays/Value
00:47:47: Info: Freetype returned null for character 132 in font SdkTrays/Value
00:47:47: Info: Freetype returned null for character 133 in font SdkTrays/Value
00:47:47: Info: Freetype returned null for character 134 in font SdkTrays/Value
00:47:47: Info: Freetype returned null for character 135 in font SdkTrays/Value
00:47:47: Info: Freetype returned null for character 136 in font SdkTrays/Value
00:47:47: Info: Freetype returned null for character 137 in font SdkTrays/Value
00:47:47: Info: Freetype returned null for character 138 in font SdkTrays/Value
00:47:47: Info: Freetype returned null for character 139 in font SdkTrays/Value
00:47:47: Info: Freetype returned null for character 140 in font SdkTrays/Value
00:47:47: Info: Freetype returned null for character 141 in font SdkTrays/Value
00:47:47: Info: Freetype returned null for character 142 in font SdkTrays/Value
00:47:47: Info: Freetype returned null for character 143 in font SdkTrays/Value
00:47:47: Info: Freetype returned null for character 144 in font SdkTrays/Value
00:47:47: Info: Freetype returned null for character 145 in font SdkTrays/Value
00:47:47: Info: Freetype returned null for character 146 in font SdkTrays/Value
00:47:47: Info: Freetype returned null for character 147 in font SdkTrays/Value
00:47:47: Info: Freetype returned null for character 148 in font SdkTrays/Value
00:47:47: Info: Freetype returned null for character 149 in font SdkTrays/Value
00:47:47: Info: Freetype returned null for character 150 in font SdkTrays/Value
00:47:47: Info: Freetype returned null for character 151 in font SdkTrays/Value
00:47:47: Info: Freetype returned null for character 152 in font SdkTrays/Value
00:47:47: Info: Freetype returned null for character 153 in font SdkTrays/Value
00:47:47: Info: Freetype returned null for character 154 in font SdkTrays/Value
00:47:47: Info: Freetype returned null for character 155 in font SdkTrays/Value
00:47:47: Info: Freetype returned null for character 156 in font SdkTrays/Value
00:47:47: Info: Freetype returned null for character 157 in font SdkTrays/Value
00:47:47: Info: Freetype returned null for character 158 in font SdkTrays/Value
00:47:47: Info: Freetype returned null for character 159 in font SdkTrays/Value
00:47:47: Info: Freetype returned null for character 160 in font SdkTrays/Value
00:47:47: Texture: SdkTrays/ValueTexture: Loading 1 faces(PF_BYTE_LA,512x512x1) with 0 generated mipmaps from Image. Internal format is PF_BYTE_LA,512x512x1.
00:48:08: DefaultWorkQueue('Root') shutting down on thread 0x1feadc0.
00:48:08: DefaultWorkQueue('Root')::WorkerFunc - thread 0x227adc0 stopped.
00:48:08: DefaultWorkQueue('Root')::WorkerFunc - thread 0x2273bd0 stopped.
00:48:08: *-*-* OGRE Shutdown
00:48:08: Unregistering ResourceManager for type Compositor
00:48:08: Unregistering ResourceManager for type Font
00:48:08: Unregistering ResourceManager for type Skeleton
00:48:08: Unregistering ResourceManager for type Mesh
00:48:08: Unregistering ResourceManager for type HighLevelGpuProgram
00:48:08: Uninstalling plugin: GL RenderSystem
00:48:08: Unregistering ResourceManager for type GpuProgram
00:48:08: ******************************
*** Stopping GLX Subsystem ***
******************************
00:48:08: Unregistering ResourceManager for type Texture
00:48:08: Plugin successfully uninstalled
00:48:08: Unloading library RenderSystem_GL
00:48:08: Unregistering ResourceManager for type Material
